[2025-06-01T15:29:48.638+0000] {taskinstance.py:1103} INFO - Dependencies all met for dep_context=non-requeueable deps ti=<TaskInstance: second_dag.save_data_task scheduled__2020-10-06T00:00:00+00:00 [queued]>
[2025-06-01T15:29:48.649+0000] {taskinstance.py:1103} INFO - Dependencies all met for dep_context=requeueable deps ti=<TaskInstance: second_dag.save_data_task scheduled__2020-10-06T00:00:00+00:00 [queued]>
[2025-06-01T15:29:48.650+0000] {taskinstance.py:1308} INFO - Starting attempt 1 of 3
[2025-06-01T15:29:48.774+0000] {taskinstance.py:1327} INFO - Executing <Task(PythonOperator): save_data_task> on 2020-10-06 00:00:00+00:00
[2025-06-01T15:29:48.780+0000] {standard_task_runner.py:57} INFO - Started process 21676 to run task
[2025-06-01T15:29:48.799+0000] {standard_task_runner.py:84} INFO - Running: ['***', 'tasks', 'run', 'second_dag', 'save_data_task', 'scheduled__2020-10-06T00:00:00+00:00', '--job-id', '825', '--raw', '--subdir', 'DAGS_FOLDER/my_second_dag.py', '--cfg-path', '/tmp/tmpxoc7sm9n']
[2025-06-01T15:29:48.814+0000] {standard_task_runner.py:85} INFO - Job 825: Subtask save_data_task
[2025-06-01T15:29:49.004+0000] {task_command.py:410} INFO - Running <TaskInstance: second_dag.save_data_task scheduled__2020-10-06T00:00:00+00:00 [running]> on host 27c4b93144a0
[2025-06-01T15:29:49.412+0000] {taskinstance.py:1547} INFO - Exporting env vars: AIRFLOW_CTX_DAG_OWNER='***' AIRFLOW_CTX_DAG_ID='second_dag' AIRFLOW_CTX_TASK_ID='save_data_task' AIRFLOW_CTX_EXECUTION_DATE='2020-10-06T00:00:00+00:00' AIRFLOW_CTX_TRY_NUMBER='1' AIRFLOW_CTX_DAG_RUN_ID='scheduled__2020-10-06T00:00:00+00:00'
[2025-06-01T15:29:49.424+0000] {my_second_dag.py:51} INFO - Fetching value USD: None
[2025-06-01T15:29:49.431+0000] {base.py:73} INFO - Using connection ID 'pg_database' for task execution.
[2025-06-01T15:29:49.440+0000] {taskinstance.py:1824} ERROR - Task failed with exception
Traceback (most recent call last):
  File "/home/airflow/.local/lib/python3.7/site-packages/sqlalchemy/engine/base.py", line 1811, in _execute_context
    dialect, self, conn, execution_options, *args, **kw
  File "/home/airflow/.local/lib/python3.7/site-packages/sqlalchemy/engine/default.py", line 1008, in _init_compiled
    for grp, m in enumerate(parameters)
  File "/home/airflow/.local/lib/python3.7/site-packages/sqlalchemy/engine/default.py", line 1008, in <listcomp>
    for grp, m in enumerate(parameters)
  File "/home/airflow/.local/lib/python3.7/site-packages/sqlalchemy/sql/compiler.py", line 1029, in construct_params
    code="cd3x",
sqlalchemy.exc.InvalidRequestError: A value is required for bind parameter 'date' (Background on this error at: https://sqlalche.me/e/14/cd3x)

The above exception was the direct cause of the following exception:

Traceback (most recent call last):
  File "/home/airflow/.local/lib/python3.7/site-packages/airflow/operators/python.py", line 181, in execute
    return_value = self.execute_callable()
  File "/home/airflow/.local/lib/python3.7/site-packages/airflow/operators/python.py", line 198, in execute_callable
    return self.python_callable(*self.op_args, **self.op_kwargs)
  File "/opt/airflow/dags/my_second_dag.py", line 65, in save_data_to_db
    data
  File "/home/airflow/.local/lib/python3.7/site-packages/sqlalchemy/engine/base.py", line 1385, in execute
    return meth(self, multiparams, params, _EMPTY_EXECUTION_OPTS)
  File "/home/airflow/.local/lib/python3.7/site-packages/sqlalchemy/sql/elements.py", line 335, in _execute_on_connection
    self, multiparams, params, execution_options
  File "/home/airflow/.local/lib/python3.7/site-packages/sqlalchemy/engine/base.py", line 1587, in _execute_clauseelement
    cache_hit=cache_hit,
  File "/home/airflow/.local/lib/python3.7/site-packages/sqlalchemy/engine/base.py", line 1817, in _execute_context
    e, util.text_type(statement), parameters, None, None
  File "/home/airflow/.local/lib/python3.7/site-packages/sqlalchemy/engine/base.py", line 2135, in _handle_dbapi_exception
    sqlalchemy_exception, with_traceback=exc_info[2], from_=e
  File "/home/airflow/.local/lib/python3.7/site-packages/sqlalchemy/util/compat.py", line 211, in raise_
    raise exception
  File "/home/airflow/.local/lib/python3.7/site-packages/sqlalchemy/engine/base.py", line 1811, in _execute_context
    dialect, self, conn, execution_options, *args, **kw
  File "/home/airflow/.local/lib/python3.7/site-packages/sqlalchemy/engine/default.py", line 1008, in _init_compiled
    for grp, m in enumerate(parameters)
  File "/home/airflow/.local/lib/python3.7/site-packages/sqlalchemy/engine/default.py", line 1008, in <listcomp>
    for grp, m in enumerate(parameters)
  File "/home/airflow/.local/lib/python3.7/site-packages/sqlalchemy/sql/compiler.py", line 1029, in construct_params
    code="cd3x",
sqlalchemy.exc.StatementError: (sqlalchemy.exc.InvalidRequestError) A value is required for bind parameter 'date'
[SQL: INSERT INTO usd_to_rub_rates (date, value) VALUES (%(date)s, %(value)s)]
[parameters: [[None]]]
(Background on this error at: https://sqlalche.me/e/14/cd3x)
[2025-06-01T15:29:49.451+0000] {taskinstance.py:1350} INFO - Marking task as UP_FOR_RETRY. dag_id=second_dag, task_id=save_data_task, execution_date=20201006T000000, start_date=20250601T152948, end_date=20250601T152949
[2025-06-01T15:29:49.462+0000] {standard_task_runner.py:109} ERROR - Failed to execute job 825 for task save_data_task ((sqlalchemy.exc.InvalidRequestError) A value is required for bind parameter 'date'
[SQL: INSERT INTO usd_to_rub_rates (date, value) VALUES (%(date)s, %(value)s)]
[parameters: [[None]]]
(Background on this error at: https://sqlalche.me/e/14/cd3x); 21676)
[2025-06-01T15:29:49.491+0000] {local_task_job_runner.py:225} INFO - Task exited with return code 1
[2025-06-01T15:29:49.514+0000] {taskinstance.py:2653} INFO - 0 downstream tasks scheduled from follow-on schedule check
